# JRE version: Java(TM) SE Runtime Environment (8.0_191-b12) (build 1.8.0_191-b12)
# Java VM: Java HotSpot(TM) Client VM (25.191-b12 mixed mode windows-x86 )
Heap:
 def new generation   total 94720K, used 24832K [0x05800000, 0x0bec0000, 0x102a0000)
  eden space 84224K,  17% used [0x05800000, 0x066617b8, 0x0aa40000)
  from space 10496K,  96% used [0x0b480000, 0x0be5ebe0, 0x0bec0000)
  to   space 10496K,   0% used [0x0aa40000, 0x0aa40000, 0x0b480000)
 tenured generation   total 210264K, used 135187K [0x102a0000, 0x1cff6000, 0x25800000)
   the space 210264K,  64% used [0x102a0000, 0x186a4dd0, 0x186a4e00, 0x1cff6000)
 Metaspace       used 23023K, capacity 23660K, committed 23808K, reserved 23936K
GC Heap History (10 events):
Event: 93187.370 GC heap before
{Heap before GC invocations=90 (full 3):
 def new generation   total 68864K, used 65437K [0x05800000, 0x0a2b0000, 0x102a0000)
  eden space 61248K, 100% used [0x05800000, 0x093d0000, 0x093d0000)
  from space 7616K,  55% used [0x093d0000, 0x097e7620, 0x09b40000)
  to   space 7616K,   0% used [0x09b40000, 0x09b40000, 0x0a2b0000)
 tenured generation   total 152828K, used 148687K [0x102a0000, 0x197df000, 0x25800000)
   the space 152828K,  97% used [0x102a0000, 0x193d3f00, 0x193d4000, 0x197df000)
 Metaspace       used 23049K, capacity 23700K, committed 23808K, reserved 23936K
Event: 93187.461 GC heap after
Heap after GC invocations=91 (full 3):
 def new generation   total 68864K, used 606K [0x05800000, 0x0a2b0000, 0x102a0000)
  eden space 61248K,   0% used [0x05800000, 0x05800000, 0x093d0000)
  from space 7616K,   7% used [0x09b40000, 0x09bd79a8, 0x0a2b0000)
  to   space 7616K,   0% used [0x093d0000, 0x093d0000, 0x09b40000)
 tenured generation   total 152828K, used 149738K [0x102a0000, 0x197df000, 0x25800000)
   the space 152828K,  97% used [0x102a0000, 0x194dab08, 0x194dac00, 0x197df000)
 Metaspace       used 23049K, capacity 23700K, committed 23808K, reserved 23936K
}
Event: 94062.512 GC heap before
{Heap before GC invocations=91 (full 3):
 def new generation   total 68864K, used 61854K [0x05800000, 0x0a2b0000, 0x102a0000)
  eden space 61248K, 100% used [0x05800000, 0x093d0000, 0x093d0000)
  from space 7616K,   7% used [0x09b40000, 0x09bd79a8, 0x0a2b0000)
  to   space 7616K,   0% used [0x093d0000, 0x093d0000, 0x09b40000)
 tenured generation   total 152828K, used 149738K [0x102a0000, 0x197df000, 0x25800000)
   the space 152828K,  97% used [0x102a0000, 0x194dab08, 0x194dac00, 0x197df000)
 Metaspace       used 23049K, capacity 23700K, committed 23808K, reserved 23936K
Event: 94062.514 GC heap after
Heap after GC invocations=92 (full 3):
 def new generation   total 68864K, used 621K [0x05800000, 0x0a2b0000, 0x102a0000)
  eden space 61248K,   0% used [0x05800000, 0x05800000, 0x093d0000)
  from space 7616K,   8% used [0x093d0000, 0x0946b628, 0x09b40000)
  to   space 7616K,   0% used [0x09b40000, 0x09b40000, 0x0a2b0000)
 tenured generation   total 152828K, used 149738K [0x102a0000, 0x197df000, 0x25800000)
   the space 152828K,  97% used [0x102a0000, 0x194dab08, 0x194dac00, 0x197df000)
 Metaspace       used 23049K, capacity 23700K, committed 23808K, reserved 23936K
}
Event: 94989.016 GC heap before
{Heap before GC invocations=92 (full 3):
 def new generation   total 68864K, used 61869K [0x05800000, 0x0a2b0000, 0x102a0000)
  eden space 61248K, 100% used [0x05800000, 0x093d0000, 0x093d0000)
  from space 7616K,   8% used [0x093d0000, 0x0946b628, 0x09b40000)
  to   space 7616K,   0% used [0x09b40000, 0x09b40000, 0x0a2b0000)
 tenured generation   total 152828K, used 149738K [0x102a0000, 0x197df000, 0x25800000)
   the space 152828K,  97% used [0x102a0000, 0x194dab08, 0x194dac00, 0x197df000)
 Metaspace       used 23049K, capacity 23700K, committed 23808K, reserved 23936K
Event: 94989.020 GC heap after
Heap after GC invocations=93 (full 3):
 def new generation   total 68864K, used 631K [0x05800000, 0x0a2b0000, 0x102a0000)
  eden space 61248K,   0% used [0x05800000, 0x05800000, 0x093d0000)
  from space 7616K,   8% used [0x09b40000, 0x09bddf08, 0x0a2b0000)
  to   space 7616K,   0% used [0x093d0000, 0x093d0000, 0x09b40000)
 tenured generation   total 152828K, used 149738K [0x102a0000, 0x197df000, 0x25800000)
   the space 152828K,  97% used [0x102a0000, 0x194dab08, 0x194dac00, 0x197df000)
 Metaspace       used 23049K, capacity 23700K, committed 23808K, reserved 23936K
}
Event: 95913.902 GC heap before
{Heap before GC invocations=93 (full 3):
 def new generation   total 68864K, used 61855K [0x05800000, 0x0a2b0000, 0x102a0000)
  eden space 61248K,  99% used [0x05800000, 0x093c9da8, 0x093d0000)
  from space 7616K,   8% used [0x09b40000, 0x09bddf08, 0x0a2b0000)
  to   space 7616K,   0% used [0x093d0000, 0x093d0000, 0x09b40000)
 tenured generation   total 152828K, used 149738K [0x102a0000, 0x197df000, 0x25800000)
   the space 152828K,  97% used [0x102a0000, 0x194dab08, 0x194dac00, 0x197df000)
 Metaspace       used 23049K, capacity 23700K, committed 23808K, reserved 23936K
Event: 95914.002 GC heap after
Heap after GC invocations=94 (full 3):
 def new generation   total 68864K, used 7616K [0x05800000, 0x0a2b0000, 0x102a0000)
  eden space 61248K,   0% used [0x05800000, 0x05800000, 0x093d0000)
  from space 7616K, 100% used [0x093d0000, 0x09b40000, 0x09b40000)
  to   space 7616K,   0% used [0x09b40000, 0x09b40000, 0x0a2b0000)
 tenured generation   total 152828K, used 150539K [0x102a0000, 0x197df000, 0x25800000)
   the space 152828K,  98% used [0x102a0000, 0x195a2c30, 0x195a2e00, 0x197df000)
 Metaspace       used 23049K, capacity 23700K, committed 23808K, reserved 23936K
}
Event: 95915.106 GC heap before
{Heap before GC invocations=94 (full 3):
 def new generation   total 68864K, used 68407K [0x05800000, 0x0a2b0000, 0x102a0000)
  eden space 61248K,  99% used [0x05800000, 0x0935de10, 0x093d0000)
  from space 7616K, 100% used [0x093d0000, 0x09b40000, 0x09b40000)
  to   space 7616K,   0% used [0x09b40000, 0x09b40000, 0x0a2b0000)
 tenured generation   total 152828K, used 150539K [0x102a0000, 0x197df000, 0x25800000)
   the space 152828K,  98% used [0x102a0000, 0x195a2c30, 0x195a2e00, 0x197df000)
 Metaspace       used 23049K, capacity 23700K, committed 23808K, reserved 23936K
Event: 95916.769 GC heap after
Heap after GC invocations=95 (full 4):
 def new generation   total 94720K, used 0K [0x05800000, 0x0bec0000, 0x102a0000)
  eden space 84224K,   0% used [0x05800000, 0x05800000, 0x0aa40000)
  from space 10496K,   0% used [0x0aa40000, 0x0aa40000, 0x0b480000)
  to   space 10496K,   0% used [0x0b480000, 0x0b480000, 0x0bec0000)
 tenured generation   total 210264K, used 126156K [0x102a0000, 0x1cff6000, 0x25800000)
   the space 210264K,  59% used [0x102a0000, 0x17dd3308, 0x17dd3400, 0x1cff6000)
 Metaspace       used 23023K, capacity 23660K, committed 23808K, reserved 23936K
}

